[debug] [2026-01-04T11:40:38.444Z] ----------------------------------------------------------------------
[debug] [2026-01-04T11:40:38.449Z] Command:       C:\Program Files\nodejs\node.exe C:\Users\LENOVO\AppData\Roaming\npm\node_modules\firebase-tools\lib\bin\firebase.js deploy --only functions:api --force
[debug] [2026-01-04T11:40:38.450Z] CLI Version:   15.1.0
[debug] [2026-01-04T11:40:38.450Z] Platform:      win32
[debug] [2026-01-04T11:40:38.450Z] Node Version:  v24.11.1
[debug] [2026-01-04T11:40:38.451Z] Time:          Sun Jan 04 2026 17:10:38 GMT+0530 (India Standard Time)
[debug] [2026-01-04T11:40:38.451Z] ----------------------------------------------------------------------
[debug] 
[debug] [2026-01-04T11:40:41.928Z] > command requires scopes: ["email","openid","https://www.googleapis.com/auth/cloudplatformprojects.readonly","https://www.googleapis.com/auth/firebase","https://www.googleapis.com/auth/cloud-platform"]
[debug] [2026-01-04T11:40:41.929Z] > authorizing via signed-in user (frpboy12@gmail.com)
[debug] [2026-01-04T11:40:41.929Z] [iam] checking project sahakar-ppo for permissions ["cloudfunctions.functions.create","cloudfunctions.functions.delete","cloudfunctions.functions.get","cloudfunctions.functions.list","cloudfunctions.functions.update","cloudfunctions.operations.get","firebase.projects.get"]
[debug] [2026-01-04T11:40:41.932Z] Checked if tokens are valid: true, expires at: 1767528302507
[debug] [2026-01-04T11:40:41.932Z] Checked if tokens are valid: true, expires at: 1767528302507
[debug] [2026-01-04T11:40:41.935Z] >>> [apiv2][query] POST https://cloudresourcemanager.googleapis.com/v1/projects/sahakar-ppo:testIamPermissions [none]
[debug] [2026-01-04T11:40:41.935Z] >>> [apiv2][(partial)header] POST https://cloudresourcemanager.googleapis.com/v1/projects/sahakar-ppo:testIamPermissions x-goog-quota-user=projects/sahakar-ppo
[debug] [2026-01-04T11:40:41.935Z] >>> [apiv2][body] POST https://cloudresourcemanager.googleapis.com/v1/projects/sahakar-ppo:testIamPermissions {"permissions":["cloudfunctions.functions.create","cloudfunctions.functions.delete","cloudfunctions.functions.get","cloudfunctions.functions.list","cloudfunctions.functions.update","cloudfunctions.operations.get","firebase.projects.get"]}
[debug] [2026-01-04T11:40:43.565Z] <<< [apiv2][status] POST https://cloudresourcemanager.googleapis.com/v1/projects/sahakar-ppo:testIamPermissions 200
[debug] [2026-01-04T11:40:43.565Z] <<< [apiv2][body] POST https://cloudresourcemanager.googleapis.com/v1/projects/sahakar-ppo:testIamPermissions {"permissions":["cloudfunctions.functions.create","cloudfunctions.functions.delete","cloudfunctions.functions.get","cloudfunctions.functions.list","cloudfunctions.functions.update","cloudfunctions.operations.get","firebase.projects.get"]}
[debug] [2026-01-04T11:40:43.566Z] Checked if tokens are valid: true, expires at: 1767528302507
[debug] [2026-01-04T11:40:43.566Z] Checked if tokens are valid: true, expires at: 1767528302507
[debug] [2026-01-04T11:40:43.566Z] >>> [apiv2][query] POST https://iam.googleapis.com/v1/projects/sahakar-ppo/serviceAccounts/sahakar-ppo@appspot.gserviceaccount.com:testIamPermissions [none]
[debug] [2026-01-04T11:40:43.566Z] >>> [apiv2][body] POST https://iam.googleapis.com/v1/projects/sahakar-ppo/serviceAccounts/sahakar-ppo@appspot.gserviceaccount.com:testIamPermissions {"permissions":["iam.serviceAccounts.actAs"]}
